2024-10-21 09:49:44,836 - INFO - База данных 'reservation_service' уже существует.
2024-10-21 09:56:47,509 - INFO - База данных 'reservation_service' уже существует.
2024-10-21 10:17:28,923 - INFO - База данных 'reservation_service' уже существует.
2024-10-21 10:17:28,924 - INFO - Таблицы успешно созданы или уже существуют.
2024-10-21 10:17:28,930 - INFO - Продукт 'Продукт 1' успешно добавлен.
2024-10-21 10:17:28,933 - INFO - Продукт 'Продукт 2' успешно добавлен.
2024-10-21 10:18:02,345 - INFO - База данных 'reservation_service' уже существует.
2024-10-21 10:18:02,347 - INFO - Таблицы 'products','reservations' успешно созданы или уже существуют.
2024-10-21 10:18:02,352 - INFO - Продукт 'Продукт 1' успешно добавлен.
2024-10-21 10:18:02,355 - INFO - Продукт 'Продукт 2' успешно добавлен.
2024-10-21 10:18:33,855 - INFO - База данных 'reservation_service' уже существует.
2024-10-21 10:18:33,856 - INFO - Таблицы 'products','reservations' успешно созданы или уже существуют.
2024-10-21 10:18:33,861 - INFO - Продукт 'Продукт 1' c id 'P001' успешно добавлен.
2024-10-21 10:18:33,865 - INFO - Продукт 'Продукт 2' c id 'P002' успешно добавлен.
2024-10-21 10:24:18,837 - INFO - База данных 'reservation_service' уже существует.
2024-10-21 10:24:18,838 - INFO - Таблицы 'products','reservations' успешно созданы или уже существуют.
2024-10-21 10:24:18,844 - INFO - Продукт 'Продукт 1' c id 'P001' успешно добавлен.
2024-10-21 10:24:18,847 - INFO - Продукт 'Продукт 2' c id 'P002' успешно добавлен.
2024-10-21 10:25:43,202 - INFO - База данных 'reservation_service' уже существует.
2024-10-21 10:25:43,203 - INFO - Таблицы 'products','reservations' успешно созданы или уже существуют.
2024-10-21 10:25:43,208 - INFO - Продукт 'Продукт 1' c id 'P001' успешно добавлен.
2024-10-21 10:25:43,212 - INFO - Продукт 'Продукт 2' c id 'P002' успешно добавлен.
2024-10-21 10:25:46,784 - INFO - select pg_catalog.version()
2024-10-21 10:25:46,785 - INFO - [raw sql] ()
2024-10-21 10:25:46,788 - INFO - select current_schema()
2024-10-21 10:25:46,788 - INFO - [raw sql] ()
2024-10-21 10:25:46,789 - INFO - show standard_conforming_strings
2024-10-21 10:25:46,789 - INFO - [raw sql] ()
2024-10-21 10:25:46,790 - INFO - BEGIN (implicit)
2024-10-21 10:25:46,796 - INFO - SELECT products.id, products.product_id, products.name, products.quantity, products.created_at, products.updated_at 
FROM products 
WHERE products.product_id = $1::VARCHAR
2024-10-21 10:25:46,796 - INFO - [generated in 0.00032s] ('P001',)
2024-10-21 10:25:46,804 - INFO - UPDATE products SET quantity=$1::INTEGER, updated_at=now() WHERE products.product_id = $2::VARCHAR
2024-10-21 10:25:46,804 - INFO - [generated in 0.00035s] (99, 'P001')
2024-10-21 10:25:46,806 - INFO - COMMIT
2024-10-21 10:58:42,806 - INFO - База данных 'reservation_service' уже существует.
2024-10-21 10:59:00,748 - INFO - База данных 'reservation_service' уже существует.
2024-10-21 10:59:00,750 - INFO - Таблицы 'products','reservations' успешно созданы или уже существуют.
2024-10-21 10:59:00,755 - INFO - Продукт 'Продукт 1' c id 'P001' успешно добавлен.
2024-10-21 10:59:00,759 - INFO - Продукт 'Продукт 2' c id 'P002' успешно добавлен.
2024-10-21 11:12:44,734 - INFO - База данных 'reservation_service' уже существует.
2024-10-21 11:12:44,735 - INFO - Таблицы 'products','reservations' успешно созданы или уже существуют.
2024-10-21 11:12:44,743 - INFO - Продукт 'Продукт 1' c id 'P001' успешно добавлен.
2024-10-21 11:12:44,747 - INFO - Продукт 'Продукт 2' c id 'P002' успешно добавлен.
2024-10-21 11:13:02,909 - INFO - База данных 'reservation_service' уже существует.
2024-10-21 11:13:02,910 - INFO - Таблицы 'products','reservations' успешно созданы или уже существуют.
2024-10-21 11:13:02,916 - INFO - Продукт 'Продукт 1' c id 'P001' успешно добавлен.
2024-10-21 11:13:02,921 - INFO - Продукт 'Продукт 2' c id 'P002' успешно добавлен.
2024-10-21 11:14:12,422 - INFO - База данных 'reservation_service' уже существует.
2024-10-21 11:14:12,423 - INFO - Таблицы 'products','reservations' успешно созданы или уже существуют.
2024-10-21 11:14:12,429 - INFO - Продукт 'Продукт 1' c id 'P001' успешно добавлен.
2024-10-21 11:14:12,433 - INFO - Продукт 'Продукт 2' c id 'P002' успешно добавлен.
2024-10-21 11:14:58,163 - INFO - База данных 'reservation_service' уже существует.
2024-10-21 11:14:58,164 - INFO - Таблицы 'products','reservations' успешно созданы или уже существуют.
2024-10-21 11:14:58,170 - INFO - Продукт 'Продукт 1' c id 'P001' успешно добавлен.
2024-10-21 11:14:58,174 - INFO - Продукт 'Продукт 2' c id 'P002' успешно добавлен.
2024-10-21 11:15:21,330 - INFO - База данных 'reservation_service' уже существует.
2024-10-21 11:15:21,331 - INFO - Таблицы 'products','reservations' успешно созданы или уже существуют.
2024-10-21 11:15:21,336 - INFO - Продукт 'Продукт 1' c id 'P001' успешно добавлен.
2024-10-21 11:15:21,340 - INFO - Продукт 'Продукт 2' c id 'P002' успешно добавлен.
2024-10-21 11:15:44,023 - INFO - База данных 'reservation_service' уже существует.
2024-10-21 11:15:44,024 - INFO - Таблицы 'products','reservations' успешно созданы или уже существуют.
2024-10-21 11:15:44,030 - INFO - Продукт 'Продукт 1' c id 'P001' успешно добавлен.
2024-10-21 11:15:44,034 - INFO - Продукт 'Продукт 2' c id 'P002' успешно добавлен.
2024-10-21 11:15:57,641 - INFO - База данных 'reservation_service' уже существует.
2024-10-21 11:15:57,642 - INFO - Таблицы 'products','reservations' успешно созданы или уже существуют.
2024-10-21 11:15:57,647 - INFO - Продукт 'Продукт 1' c id 'P001' успешно добавлен.
2024-10-21 11:15:57,651 - INFO - Продукт 'Продукт 2' c id 'P002' успешно добавлен.
2024-10-21 11:16:10,622 - INFO - select pg_catalog.version()
2024-10-21 11:16:10,623 - INFO - [raw sql] ()
2024-10-21 11:16:10,626 - INFO - select current_schema()
2024-10-21 11:16:10,627 - INFO - [raw sql] ()
2024-10-21 11:16:10,628 - INFO - show standard_conforming_strings
2024-10-21 11:16:10,629 - INFO - [raw sql] ()
2024-10-21 11:16:10,630 - INFO - BEGIN (implicit)
2024-10-21 11:16:10,637 - INFO - SELECT products.id, products.product_id, products.name, products.quantity, products.created_at, products.updated_at 
FROM products 
WHERE products.product_id = $1::VARCHAR
2024-10-21 11:16:10,637 - INFO - [generated in 0.00073s] ('P001',)
2024-10-21 11:16:11,384 - INFO - ROLLBACK
2024-10-21 11:26:37,633 - INFO - База данных 'reservation_service' уже существует.
2024-10-21 11:26:37,634 - INFO - Таблицы 'products','reservations' успешно созданы или уже существуют.
2024-10-21 11:26:37,640 - INFO - Продукт 'Продукт 1' c id 'P001' успешно добавлен.
2024-10-21 11:26:37,643 - INFO - Продукт 'Продукт 2' c id 'P002' успешно добавлен.
2024-10-21 11:26:49,020 - INFO - select pg_catalog.version()
2024-10-21 11:26:49,020 - INFO - [raw sql] ()
2024-10-21 11:26:49,024 - INFO - select current_schema()
2024-10-21 11:26:49,024 - INFO - [raw sql] ()
2024-10-21 11:26:49,025 - INFO - show standard_conforming_strings
2024-10-21 11:26:49,026 - INFO - [raw sql] ()
2024-10-21 11:26:49,027 - INFO - BEGIN (implicit)
2024-10-21 11:26:49,035 - INFO - SELECT products.id, products.product_id, products.name, products.quantity, products.created_at, products.updated_at 
FROM products 
WHERE products.product_id = $1::VARCHAR
2024-10-21 11:26:49,035 - INFO - [generated in 0.00065s] ('P001',)
2024-10-21 11:26:49,038 - INFO - ROLLBACK
2024-10-21 12:52:53,776 - INFO - База данных 'reservation_service' уже существует.
2024-10-21 12:55:19,677 - INFO - База данных 'reservation_service' уже существует.
2024-10-21 12:55:33,027 - INFO - База данных 'reservation_service' уже существует.
2024-10-21 12:58:16,883 - INFO - База данных 'reservation_service' уже существует.
2024-10-21 12:58:43,815 - INFO - База данных 'reservation_service' уже существует.
2024-10-21 12:59:38,077 - INFO - База данных 'reservation_service' уже существует.
2024-10-21 13:00:11,287 - INFO - База данных 'reservation_service' уже существует.
2024-10-21 13:01:43,884 - INFO - База данных 'reservation_service' уже существует.
2024-10-21 13:03:48,090 - INFO - База данных 'reservation_service' уже существует.
2024-10-21 13:04:06,558 - INFO - База данных 'reservation_service' уже существует.
